Tue Jul  4 13:32:29 EDT 2017
vpc-f1e19198
{
    "Vpcs": [
        {
            "VpcId": "vpc-b28069db", 
            "InstanceTenancy": "default", 
            "State": "available", 
            "DhcpOptionsId": "dopt-faea0393", 
            "CidrBlock": "172.31.0.0/16", 
            "IsDefault": true
        }, 
        {
            "VpcId": "vpc-f1e19198", 
            "InstanceTenancy": "default", 
            "Tags": [
                {
                    "Value": "vpc-B6", 
                    "Key": "Name"
                }
            ], 
            "State": "available", 
            "DhcpOptionsId": "dopt-faea0393", 
            "CidrBlock": "10.27.0.0/16", 
            "IsDefault": false
        }
    ]
}
publicSubnet subnet-80e864fb
{
    "Subnets": [
        {
            "VpcId": "vpc-f1e19198", 
            "Tags": [
                {
                    "Value": "publicSubnet-vpc-B6", 
                    "Key": "Name"
                }
            ], 
            "CidrBlock": "10.27.0.0/24", 
            "MapPublicIpOnLaunch": false, 
            "DefaultForAz": false, 
            "State": "available", 
            "AvailabilityZone": "us-east-2b", 
            "SubnetId": "subnet-80e864fb", 
            "AvailableIpAddressCount": 251
        }
    ]
}
Select Availability Zone
subnet-82eb67f9
{
    "Subnets": [
        {
            "VpcId": "vpc-f1e19198", 
            "Tags": [
                {
                    "Value": "privateSubnet-vpc-B6", 
                    "Key": "Name"
                }
            ], 
            "CidrBlock": "10.27.1.0/24", 
            "MapPublicIpOnLaunch": false, 
            "DefaultForAz": false, 
            "State": "available", 
            "AvailabilityZone": "us-east-2b", 
            "SubnetId": "subnet-82eb67f9", 
            "AvailableIpAddressCount": 251
        }
    ]
}
Create Internet Gateway
Attach Gateway
Create Route Table
Create Routes
{
    "RouteTables": [
        {
            "Associations": [
                {
                    "RouteTableAssociationId": "rtbassoc-1d83ba74", 
                    "Main": true, 
                    "RouteTableId": "rtb-17c0827e"
                }
            ], 
            "RouteTableId": "rtb-17c0827e", 
            "VpcId": "vpc-f1e19198", 
            "PropagatingVgws": [], 
            "Tags": [], 
            "Routes": [
                {
                    "GatewayId": "local", 
                    "DestinationCidrBlock": "10.27.0.0/16", 
                    "State": "active", 
                    "Origin": "CreateRouteTable"
                }
            ]
        }, 
        {
            "Associations": [], 
            "RouteTableId": "rtb-dec381b7", 
            "VpcId": "vpc-f1e19198", 
            "PropagatingVgws": [], 
            "Tags": [
                {
                    "Value": "Route-vpc-B6", 
                    "Key": "Name"
                }
            ], 
            "Routes": [
                {
                    "GatewayId": "local", 
                    "DestinationCidrBlock": "10.27.0.0/16", 
                    "State": "active", 
                    "Origin": "CreateRouteTable"
                }, 
                {
                    "GatewayId": "igw-4563ea2c", 
                    "DestinationCidrBlock": "0.0.0.0/0", 
                    "State": "active", 
                    "Origin": "CreateRoute"
                }
            ]
        }, 
        {
            "Associations": [
                {
                    "RouteTableAssociationId": "rtbassoc-5b6b8232", 
                    "Main": true, 
                    "RouteTableId": "rtb-c2d53cab"
                }
            ], 
            "RouteTableId": "rtb-c2d53cab", 
            "VpcId": "vpc-b28069db", 
            "PropagatingVgws": [], 
            "Tags": [], 
            "Routes": [
                {
                    "GatewayId": "local", 
                    "DestinationCidrBlock": "172.31.0.0/16", 
                    "State": "active", 
                    "Origin": "CreateRouteTable"
                }, 
                {
                    "GatewayId": "igw-24d9364d", 
                    "DestinationCidrBlock": "0.0.0.0/0", 
                    "State": "active", 
                    "Origin": "CreateRoute"
                }
            ]
        }
    ]
}
Route Associations
{
    "AssociationId": "rtbassoc-4782bb2e"
}
Create Securitygroup
{
    "SecurityGroups": [
        {
            "IpPermissionsEgress": [
                {
                    "IpProtocol": "-1", 
                    "IpRanges": [
                        {
                            "CidrIp": "0.0.0.0/0"
                        }
                    ], 
                    "UserIdGroupPairs": [], 
                    "PrefixListIds": []
                }
            ], 
            "Description": "Security group for SSH access", 
            "IpPermissions": [], 
            "GroupName": "SSHAccess_vpc-B6", 
            "VpcId": "vpc-f1e19198", 
            "OwnerId": "674553401808", 
            "GroupId": "sg-fed3d997"
        }
    ]
}
SecurityGroup Values
{
    "SecurityGroups": [
        {
            "IpPermissionsEgress": [
                {
                    "IpProtocol": "-1", 
                    "IpRanges": [
                        {
                            "CidrIp": "0.0.0.0/0"
                        }
                    ], 
                    "UserIdGroupPairs": [], 
                    "PrefixListIds": []
                }
            ], 
            "Description": "Security group for SSH access", 
            "IpPermissions": [
                {
                    "PrefixListIds": [], 
                    "FromPort": 22, 
                    "IpRanges": [
                        {
                            "CidrIp": "98.251.81.179/32"
                        }
                    ], 
                    "ToPort": 22, 
                    "IpProtocol": "tcp", 
                    "UserIdGroupPairs": []
                }
            ], 
            "GroupName": "SSHAccess_vpc-B6", 
            "VpcId": "vpc-f1e19198", 
            "OwnerId": "674553401808", 
            "GroupId": "sg-fed3d997"
        }
    ]
}
