Tue Jul  4 13:06:56 EDT 2017
vpc-69fa8a00
{
    "Vpcs": [
        {
            "VpcId": "vpc-69fa8a00", 
            "InstanceTenancy": "default", 
            "Tags": [
                {
                    "Value": "vpc-B5", 
                    "Key": "Name"
                }
            ], 
            "State": "available", 
            "DhcpOptionsId": "dopt-faea0393", 
            "CidrBlock": "10.27.0.0/16", 
            "IsDefault": false
        }, 
        {
            "VpcId": "vpc-b28069db", 
            "InstanceTenancy": "default", 
            "State": "available", 
            "DhcpOptionsId": "dopt-faea0393", 
            "CidrBlock": "172.31.0.0/16", 
            "IsDefault": true
        }
    ]
}
publicSubnet subnet-e8014081
{
    "Subnets": [
        {
            "VpcId": "vpc-69fa8a00", 
            "Tags": [
                {
                    "Value": "publicSubnet-vpc-B5", 
                    "Key": "Name"
                }
            ], 
            "CidrBlock": "10.27.0.0/24", 
            "MapPublicIpOnLaunch": false, 
            "DefaultForAz": false, 
            "State": "available", 
            "AvailabilityZone": "us-east-2a", 
            "SubnetId": "subnet-e8014081", 
            "AvailableIpAddressCount": 251
        }
    ]
}
Select Availability Zone
subnet-43f8be2a
{
    "Subnets": [
        {
            "VpcId": "vpc-69fa8a00", 
            "Tags": [
                {
                    "Value": "privateSubnet-vpc-B5", 
                    "Key": "Name"
                }
            ], 
            "CidrBlock": "10.27.1.0/24", 
            "MapPublicIpOnLaunch": false, 
            "DefaultForAz": false, 
            "State": "available", 
            "AvailabilityZone": "us-east-2a", 
            "SubnetId": "subnet-43f8be2a", 
            "AvailableIpAddressCount": 251
        }
    ]
}
Create Internet Gateway
Attach Gateway
Create Route Table
Create Routes
{
    "RouteTables": [
        {
            "Associations": [
                {
                    "RouteTableAssociationId": "rtbassoc-8980b9e0", 
                    "Main": true, 
                    "RouteTableId": "rtb-dabdffb3"
                }
            ], 
            "RouteTableId": "rtb-dabdffb3", 
            "VpcId": "vpc-69fa8a00", 
            "PropagatingVgws": [], 
            "Tags": [], 
            "Routes": [
                {
                    "GatewayId": "local", 
                    "DestinationCidrBlock": "10.27.0.0/16", 
                    "State": "active", 
                    "Origin": "CreateRouteTable"
                }
            ]
        }, 
        {
            "Associations": [], 
            "RouteTableId": "rtb-d2befcbb", 
            "VpcId": "vpc-69fa8a00", 
            "PropagatingVgws": [], 
            "Tags": [
                {
                    "Value": "Route-vpc-B5", 
                    "Key": "Name"
                }
            ], 
            "Routes": [
                {
                    "GatewayId": "local", 
                    "DestinationCidrBlock": "10.27.0.0/16", 
                    "State": "active", 
                    "Origin": "CreateRouteTable"
                }, 
                {
                    "GatewayId": "igw-926ce5fb", 
                    "DestinationCidrBlock": "0.0.0.0/0", 
                    "State": "active", 
                    "Origin": "CreateRoute"
                }
            ]
        }, 
        {
            "Associations": [
                {
                    "RouteTableAssociationId": "rtbassoc-5b6b8232", 
                    "Main": true, 
                    "RouteTableId": "rtb-c2d53cab"
                }
            ], 
            "RouteTableId": "rtb-c2d53cab", 
            "VpcId": "vpc-b28069db", 
            "PropagatingVgws": [], 
            "Tags": [], 
            "Routes": [
                {
                    "GatewayId": "local", 
                    "DestinationCidrBlock": "172.31.0.0/16", 
                    "State": "active", 
                    "Origin": "CreateRouteTable"
                }, 
                {
                    "GatewayId": "igw-24d9364d", 
                    "DestinationCidrBlock": "0.0.0.0/0", 
                    "State": "active", 
                    "Origin": "CreateRoute"
                }
            ]
        }
    ]
}
Route Associations
{
    "AssociationId": "rtbassoc-f983ba90"
}
Create Securitygroup
{
    "SecurityGroups": [
        {
            "IpPermissionsEgress": [
                {
                    "IpProtocol": "-1", 
                    "IpRanges": [
                        {
                            "CidrIp": "0.0.0.0/0"
                        }
                    ], 
                    "UserIdGroupPairs": [], 
                    "PrefixListIds": []
                }
            ], 
            "Description": "Security group for SSH access", 
            "IpPermissions": [], 
            "GroupName": "SSHAccess_vpc-B5", 
            "VpcId": "vpc-69fa8a00", 
            "OwnerId": "674553401808", 
            "GroupId": "sg-35d3d95c"
        }
    ]
}
SecurityGroup Values
{
    "SecurityGroups": [
        {
            "IpPermissionsEgress": [
                {
                    "IpProtocol": "-1", 
                    "IpRanges": [
                        {
                            "CidrIp": "0.0.0.0/0"
                        }
                    ], 
                    "UserIdGroupPairs": [], 
                    "PrefixListIds": []
                }
            ], 
            "Description": "Security group for SSH access", 
            "IpPermissions": [
                {
                    "PrefixListIds": [], 
                    "FromPort": 22, 
                    "IpRanges": [
                        {
                            "CidrIp": "98.251.81.179/32"
                        }
                    ], 
                    "ToPort": 22, 
                    "IpProtocol": "tcp", 
                    "UserIdGroupPairs": []
                }
            ], 
            "GroupName": "SSHAccess_vpc-B5", 
            "VpcId": "vpc-69fa8a00", 
            "OwnerId": "674553401808", 
            "GroupId": "sg-35d3d95c"
        }
    ]
}
