Tue Jul  4 14:27:10 EDT 2017
vpc-15e4947c
{
    "Vpcs": [
        {
            "VpcId": "vpc-b28069db", 
            "InstanceTenancy": "default", 
            "State": "available", 
            "DhcpOptionsId": "dopt-faea0393", 
            "CidrBlock": "172.31.0.0/16", 
            "IsDefault": true
        }, 
        {
            "VpcId": "vpc-15e4947c", 
            "InstanceTenancy": "default", 
            "Tags": [
                {
                    "Value": "CustomerID", 
                    "Key": "Name"
                }
            ], 
            "State": "available", 
            "DhcpOptionsId": "dopt-faea0393", 
            "CidrBlock": "10.27.0.0/16", 
            "IsDefault": false
        }
    ]
}
publicSubnet subnet-bbea66c0
{
    "Subnets": [
        {
            "VpcId": "vpc-15e4947c", 
            "Tags": [
                {
                    "Value": "publicSubnet-CustomerID", 
                    "Key": "Name"
                }
            ], 
            "CidrBlock": "10.27.0.0/24", 
            "MapPublicIpOnLaunch": false, 
            "DefaultForAz": false, 
            "State": "available", 
            "AvailabilityZone": "us-east-2b", 
            "SubnetId": "subnet-bbea66c0", 
            "AvailableIpAddressCount": 251
        }
    ]
}
Select Availability Zone
subnet-03e56978
{
    "Subnets": [
        {
            "VpcId": "vpc-15e4947c", 
            "Tags": [
                {
                    "Value": "privateSubnet-CustomerID", 
                    "Key": "Name"
                }
            ], 
            "CidrBlock": "10.27.1.0/24", 
            "MapPublicIpOnLaunch": false, 
            "DefaultForAz": false, 
            "State": "available", 
            "AvailabilityZone": "us-east-2b", 
            "SubnetId": "subnet-03e56978", 
            "AvailableIpAddressCount": 251
        }
    ]
}
Create Internet Gateway
Attach Gateway
Create Route Table
Create Routes
{
    "RouteTables": [
        {
            "Associations": [
                {
                    "RouteTableAssociationId": "rtbassoc-fe7a4297", 
                    "Main": true, 
                    "RouteTableId": "rtb-1ac78573"
                }
            ], 
            "RouteTableId": "rtb-1ac78573", 
            "VpcId": "vpc-15e4947c", 
            "PropagatingVgws": [], 
            "Tags": [], 
            "Routes": [
                {
                    "GatewayId": "local", 
                    "DestinationCidrBlock": "10.27.0.0/16", 
                    "State": "active", 
                    "Origin": "CreateRouteTable"
                }
            ]
        }, 
        {
            "Associations": [], 
            "RouteTableId": "rtb-a1ca88c8", 
            "VpcId": "vpc-15e4947c", 
            "PropagatingVgws": [], 
            "Tags": [
                {
                    "Value": "Route-CustomerID", 
                    "Key": "Name"
                }
            ], 
            "Routes": [
                {
                    "GatewayId": "local", 
                    "DestinationCidrBlock": "10.27.0.0/16", 
                    "State": "active", 
                    "Origin": "CreateRouteTable"
                }, 
                {
                    "GatewayId": "igw-5562eb3c", 
                    "DestinationCidrBlock": "0.0.0.0/0", 
                    "State": "active", 
                    "Origin": "CreateRoute"
                }
            ]
        }, 
        {
            "Associations": [
                {
                    "RouteTableAssociationId": "rtbassoc-5b6b8232", 
                    "Main": true, 
                    "RouteTableId": "rtb-c2d53cab"
                }
            ], 
            "RouteTableId": "rtb-c2d53cab", 
            "VpcId": "vpc-b28069db", 
            "PropagatingVgws": [], 
            "Tags": [], 
            "Routes": [
                {
                    "GatewayId": "local", 
                    "DestinationCidrBlock": "172.31.0.0/16", 
                    "State": "active", 
                    "Origin": "CreateRouteTable"
                }, 
                {
                    "GatewayId": "igw-24d9364d", 
                    "DestinationCidrBlock": "0.0.0.0/0", 
                    "State": "active", 
                    "Origin": "CreateRoute"
                }
            ]
        }
    ]
}
Route Associations
{
    "AssociationId": "rtbassoc-3c7d4555"
}
Create Securitygroup
{
    "SecurityGroups": [
        {
            "IpPermissionsEgress": [
                {
                    "IpProtocol": "-1", 
                    "IpRanges": [
                        {
                            "CidrIp": "0.0.0.0/0"
                        }
                    ], 
                    "UserIdGroupPairs": [], 
                    "PrefixListIds": []
                }
            ], 
            "Description": "Security group for SSH access", 
            "IpPermissions": [], 
            "GroupName": "SSHAccess_CustomerID", 
            "VpcId": "vpc-15e4947c", 
            "OwnerId": "674553401808", 
            "GroupId": "sg-c8efe5a1"
        }
    ]
}
SecurityGroup Values
{
    "SecurityGroups": [
        {
            "IpPermissionsEgress": [
                {
                    "IpProtocol": "-1", 
                    "IpRanges": [
                        {
                            "CidrIp": "0.0.0.0/0"
                        }
                    ], 
                    "UserIdGroupPairs": [], 
                    "PrefixListIds": []
                }
            ], 
            "Description": "Security group for SSH access", 
            "IpPermissions": [
                {
                    "PrefixListIds": [], 
                    "FromPort": 22, 
                    "IpRanges": [
                        {
                            "CidrIp": "98.251.81.179/32"
                        }
                    ], 
                    "ToPort": 22, 
                    "IpProtocol": "tcp", 
                    "UserIdGroupPairs": []
                }
            ], 
            "GroupName": "SSHAccess_CustomerID", 
            "VpcId": "vpc-15e4947c", 
            "OwnerId": "674553401808", 
            "GroupId": "sg-c8efe5a1"
        }
    ]
}
