Sun Jul  2 11:07:07 EDT 2017
vpc-0f9fee66
{
    "Vpcs": [
        {
            "VpcId": "vpc-0f9fee66", 
            "InstanceTenancy": "default", 
            "Tags": [
                {
                    "Value": "vpc-breakup", 
                    "Key": "Name"
                }
            ], 
            "State": "available", 
            "DhcpOptionsId": "dopt-faea0393", 
            "CidrBlock": "10.27.0.0/16", 
            "IsDefault": false
        }, 
        {
            "VpcId": "vpc-b28069db", 
            "InstanceTenancy": "default", 
            "State": "available", 
            "DhcpOptionsId": "dopt-faea0393", 
            "CidrBlock": "172.31.0.0/16", 
            "IsDefault": true
        }
    ]
}
publicSubnet subnet-8cde53f7
Select Availability Zone
subnet-e6dd509d
{
    "Subnets": [
        {
            "VpcId": "vpc-b28069db", 
            "CidrBlock": "172.31.32.0/20", 
            "MapPublicIpOnLaunch": true, 
            "DefaultForAz": true, 
            "State": "available", 
            "AvailabilityZone": "us-east-2c", 
            "SubnetId": "subnet-f95c72b3", 
            "AvailableIpAddressCount": 4091
        }, 
        {
            "VpcId": "vpc-b28069db", 
            "CidrBlock": "172.31.16.0/20", 
            "MapPublicIpOnLaunch": true, 
            "DefaultForAz": true, 
            "State": "available", 
            "AvailabilityZone": "us-east-2b", 
            "SubnetId": "subnet-61777919", 
            "AvailableIpAddressCount": 4091
        }, 
        {
            "VpcId": "vpc-0f9fee66", 
            "Tags": [
                {
                    "Value": "publicSubnet-vpc-breakup", 
                    "Key": "Name"
                }
            ], 
            "CidrBlock": "10.27.0.0/24", 
            "MapPublicIpOnLaunch": false, 
            "DefaultForAz": false, 
            "State": "available", 
            "AvailabilityZone": "us-east-2b", 
            "SubnetId": "subnet-8cde53f7", 
            "AvailableIpAddressCount": 251
        }, 
        {
            "VpcId": "vpc-b28069db", 
            "CidrBlock": "172.31.0.0/20", 
            "MapPublicIpOnLaunch": true, 
            "DefaultForAz": true, 
            "State": "available", 
            "AvailabilityZone": "us-east-2a", 
            "SubnetId": "subnet-20a95d49", 
            "AvailableIpAddressCount": 4091
        }, 
        {
            "VpcId": "vpc-0f9fee66", 
            "Tags": [
                {
                    "Value": "privateSubnet-vpc-breakup", 
                    "Key": "Name"
                }
            ], 
            "CidrBlock": "10.27.1.0/24", 
            "MapPublicIpOnLaunch": false, 
            "DefaultForAz": false, 
            "State": "available", 
            "AvailabilityZone": "us-east-2b", 
            "SubnetId": "subnet-e6dd509d", 
            "AvailableIpAddressCount": 251
        }
    ]
}
Create Internet Gateway
Attach Gateway
Create Route Table
Create Routes
{
    "RouteTables": [
        {
            "Associations": [
                {
                    "RouteTableAssociationId": "rtbassoc-9f2f11f6", 
                    "Main": true, 
                    "RouteTableId": "rtb-2f672446"
                }
            ], 
            "RouteTableId": "rtb-2f672446", 
            "VpcId": "vpc-0f9fee66", 
            "PropagatingVgws": [], 
            "Tags": [], 
            "Routes": [
                {
                    "GatewayId": "local", 
                    "DestinationCidrBlock": "10.27.0.0/16", 
                    "State": "active", 
                    "Origin": "CreateRouteTable"
                }
            ]
        }, 
        {
            "Associations": [
                {
                    "RouteTableAssociationId": "rtbassoc-5b6b8232", 
                    "Main": true, 
                    "RouteTableId": "rtb-c2d53cab"
                }
            ], 
            "RouteTableId": "rtb-c2d53cab", 
            "VpcId": "vpc-b28069db", 
            "PropagatingVgws": [], 
            "Tags": [], 
            "Routes": [
                {
                    "GatewayId": "local", 
                    "DestinationCidrBlock": "172.31.0.0/16", 
                    "State": "active", 
                    "Origin": "CreateRouteTable"
                }, 
                {
                    "GatewayId": "igw-24d9364d", 
                    "DestinationCidrBlock": "0.0.0.0/0", 
                    "State": "active", 
                    "Origin": "CreateRoute"
                }
            ]
        }, 
        {
            "Associations": [], 
            "RouteTableId": "rtb-b16023d8", 
            "VpcId": "vpc-0f9fee66", 
            "PropagatingVgws": [], 
            "Tags": [
                {
                    "Value": "Route-vpc-breakup", 
                    "Key": "Name"
                }
            ], 
            "Routes": [
                {
                    "GatewayId": "local", 
                    "DestinationCidrBlock": "10.27.0.0/16", 
                    "State": "active", 
                    "Origin": "CreateRouteTable"
                }, 
                {
                    "GatewayId": "igw-e770fe8e", 
                    "DestinationCidrBlock": "0.0.0.0/0", 
                    "State": "active", 
                    "Origin": "CreateRoute"
                }
            ]
        }
    ]
}
Route Associations
{
    "AssociationId": "rtbassoc-95330dfc"
}
Create Securitygroup
{
    "SecurityGroups": [
        {
            "IpPermissionsEgress": [
                {
                    "IpProtocol": "-1", 
                    "IpRanges": [
                        {
                            "CidrIp": "0.0.0.0/0"
                        }
                    ], 
                    "UserIdGroupPairs": [], 
                    "PrefixListIds": []
                }
            ], 
            "Description": "Security group for SSH access", 
            "IpPermissions": [], 
            "GroupName": "SSHAccess_vpc-breakup", 
            "VpcId": "vpc-0f9fee66", 
            "OwnerId": "674553401808", 
            "GroupId": "sg-4be9e122"
        }
    ]
}
SecurityGroup Values
{
    "SecurityGroups": [
        {
            "IpPermissionsEgress": [
                {
                    "IpProtocol": "-1", 
                    "IpRanges": [
                        {
                            "CidrIp": "0.0.0.0/0"
                        }
                    ], 
                    "UserIdGroupPairs": [], 
                    "PrefixListIds": []
                }
            ], 
            "Description": "Security group for SSH access", 
            "IpPermissions": [
                {
                    "PrefixListIds": [], 
                    "FromPort": 22, 
                    "IpRanges": [
                        {
                            "CidrIp": "98.251.81.179/32"
                        }, 
                        {
                            "CidrIp": "173.46.67.139/32"
                        }
                    ], 
                    "ToPort": 22, 
                    "IpProtocol": "tcp", 
                    "UserIdGroupPairs": []
                }
            ], 
            "GroupName": "SSHAccess_vpc-breakup", 
            "VpcId": "vpc-0f9fee66", 
            "OwnerId": "674553401808", 
            "GroupId": "sg-4be9e122"
        }
    ]
}
