Tue Jul  4 11:48:10 EDT 2017
vpc-89f282e0
{
    "Vpcs": [
        {
            "VpcId": "vpc-89f282e0", 
            "InstanceTenancy": "default", 
            "Tags": [
                {
                    "Value": "vpc-B4", 
                    "Key": "Name"
                }
            ], 
            "State": "available", 
            "DhcpOptionsId": "dopt-faea0393", 
            "CidrBlock": "10.27.0.0/16", 
            "IsDefault": false
        }, 
        {
            "VpcId": "vpc-b28069db", 
            "InstanceTenancy": "default", 
            "State": "available", 
            "DhcpOptionsId": "dopt-faea0393", 
            "CidrBlock": "172.31.0.0/16", 
            "IsDefault": true
        }
    ]
}
publicSubnet subnet-3ba47776
{
    "Subnets": [
        {
            "VpcId": "vpc-89f282e0", 
            "Tags": [
                {
                    "Value": "publicSubnet-vpc-B4", 
                    "Key": "Name"
                }
            ], 
            "CidrBlock": "10.27.0.0/24", 
            "MapPublicIpOnLaunch": false, 
            "DefaultForAz": false, 
            "State": "available", 
            "AvailabilityZone": "us-east-2c", 
            "SubnetId": "subnet-3ba47776", 
            "AvailableIpAddressCount": 251
        }
    ]
}
Select Availability Zone
subnet-71ab783c
{
    "Subnets": [
        {
            "VpcId": "vpc-89f282e0", 
            "Tags": [
                {
                    "Value": "privateSubnet-vpc-B4", 
                    "Key": "Name"
                }
            ], 
            "CidrBlock": "10.27.1.0/24", 
            "MapPublicIpOnLaunch": false, 
            "DefaultForAz": false, 
            "State": "available", 
            "AvailabilityZone": "us-east-2c", 
            "SubnetId": "subnet-71ab783c", 
            "AvailableIpAddressCount": 251
        }
    ]
}
Create Internet Gateway
Attach Gateway
Create Route Table
Create Routes
{
    "RouteTables": [
        {
            "Associations": [
                {
                    "RouteTableAssociationId": "rtbassoc-ff96af96", 
                    "Main": true, 
                    "RouteTableId": "rtb-41b7f528"
                }
            ], 
            "RouteTableId": "rtb-41b7f528", 
            "VpcId": "vpc-89f282e0", 
            "PropagatingVgws": [], 
            "Tags": [], 
            "Routes": [
                {
                    "GatewayId": "local", 
                    "DestinationCidrBlock": "10.27.0.0/16", 
                    "State": "active", 
                    "Origin": "CreateRouteTable"
                }
            ]
        }, 
        {
            "Associations": [], 
            "RouteTableId": "rtb-e7b0f28e", 
            "VpcId": "vpc-89f282e0", 
            "PropagatingVgws": [], 
            "Tags": [
                {
                    "Value": "Route-vpc-B4", 
                    "Key": "Name"
                }
            ], 
            "Routes": [
                {
                    "GatewayId": "local", 
                    "DestinationCidrBlock": "10.27.0.0/16", 
                    "State": "active", 
                    "Origin": "CreateRouteTable"
                }, 
                {
                    "GatewayId": "igw-7569e01c", 
                    "DestinationCidrBlock": "0.0.0.0/0", 
                    "State": "active", 
                    "Origin": "CreateRoute"
                }
            ]
        }, 
        {
            "Associations": [
                {
                    "RouteTableAssociationId": "rtbassoc-5b6b8232", 
                    "Main": true, 
                    "RouteTableId": "rtb-c2d53cab"
                }
            ], 
            "RouteTableId": "rtb-c2d53cab", 
            "VpcId": "vpc-b28069db", 
            "PropagatingVgws": [], 
            "Tags": [], 
            "Routes": [
                {
                    "GatewayId": "local", 
                    "DestinationCidrBlock": "172.31.0.0/16", 
                    "State": "active", 
                    "Origin": "CreateRouteTable"
                }, 
                {
                    "GatewayId": "igw-24d9364d", 
                    "DestinationCidrBlock": "0.0.0.0/0", 
                    "State": "active", 
                    "Origin": "CreateRoute"
                }
            ]
        }
    ]
}
Route Associations
{
    "AssociationId": "rtbassoc-5b96af32"
}
Create Securitygroup
{
    "SecurityGroups": [
        {
            "IpPermissionsEgress": [
                {
                    "IpProtocol": "-1", 
                    "IpRanges": [
                        {
                            "CidrIp": "0.0.0.0/0"
                        }
                    ], 
                    "UserIdGroupPairs": [], 
                    "PrefixListIds": []
                }
            ], 
            "Description": "Security group for SSH access", 
            "IpPermissions": [], 
            "GroupName": "SSHAccess_vpc-B4", 
            "VpcId": "vpc-89f282e0", 
            "OwnerId": "674553401808", 
            "GroupId": "sg-deccc6b7"
        }
    ]
}
SecurityGroup Values
{
    "SecurityGroups": [
        {
            "IpPermissionsEgress": [
                {
                    "IpProtocol": "-1", 
                    "IpRanges": [
                        {
                            "CidrIp": "0.0.0.0/0"
                        }
                    ], 
                    "UserIdGroupPairs": [], 
                    "PrefixListIds": []
                }
            ], 
            "Description": "Security group for SSH access", 
            "IpPermissions": [
                {
                    "PrefixListIds": [], 
                    "FromPort": 22, 
                    "IpRanges": [
                        {
                            "CidrIp": "98.251.81.179/32"
                        }
                    ], 
                    "ToPort": 22, 
                    "IpProtocol": "tcp", 
                    "UserIdGroupPairs": []
                }
            ], 
            "GroupName": "SSHAccess_vpc-B4", 
            "VpcId": "vpc-89f282e0", 
            "OwnerId": "674553401808", 
            "GroupId": "sg-deccc6b7"
        }
    ]
}
